2018-10-11T04:22:42+00:00 CRITICAL Uncaught Error: Call to undefined function qode_options() in /data/home/pdcisinl/public_html/lighthouse/wp-content/themes/bridge/header.php:25
Stack trace:
#0 /data/home/pdcisinl/public_html/lighthouse/wp-includes/template.php(688): require_once()
#1 /data/home/pdcisinl/public_html/lighthouse/wp-includes/template.php(647): load_template('/data/home/pdci...', true)
#2 /data/home/pdcisinl/public_html/lighthouse/wp-includes/general-template.php(41): locate_template(Array, true)
#3 /data/home/pdcisinl/public_html/lighthouse/wp-content/themes/bridge-child/404.php(10): get_header()
#4 /data/home/pdcisinl/public_html/lighthouse/wp-includes/template-loader.php(74): include('/data/home/pdci...')
#5 /data/home/pdcisinl/public_html/lighthouse/wp-blog-header.php(19): require_once('/data/home/pdci...')
#6 /data/home/pdcisinl/public_html/lighthouse/index.php(17): require('/data/home/pdci...')
#7 {main}
  thrown

2018-10-11T04:22:44+00:00 CRITICAL Uncaught Error: Call to undefined function qode_options() in /data/home/pdcisinl/public_html/lighthouse/wp-content/themes/bridge/header.php:25
Stack trace:
#0 /data/home/pdcisinl/public_html/lighthouse/wp-includes/template.php(688): require_once()
#1 /data/home/pdcisinl/public_html/lighthouse/wp-includes/template.php(647): load_template('/data/home/pdci...', true)
#2 /data/home/pdcisinl/public_html/lighthouse/wp-includes/general-template.php(41): locate_template(Array, true)
#3 /data/home/pdcisinl/public_html/lighthouse/wp-content/themes/bridge-child/404.php(10): get_header()
#4 /data/home/pdcisinl/public_html/lighthouse/wp-includes/template-loader.php(74): include('/data/home/pdci...')
#5 /data/home/pdcisinl/public_html/lighthouse/wp-blog-header.php(19): require_once('/data/home/pdci...')
#6 /data/home/pdcisinl/public_html/lighthouse/index.php(17): require('/data/home/pdci...')
#7 {main}
  thrown

2018-10-11T04:22:47+00:00 CRITICAL Uncaught Error: Call to undefined function qode_options() in /data/home/pdcisinl/public_html/lighthouse/wp-content/themes/bridge/header.php:25
Stack trace:
#0 /data/home/pdcisinl/public_html/lighthouse/wp-includes/template.php(688): require_once()
#1 /data/home/pdcisinl/public_html/lighthouse/wp-includes/template.php(647): load_template('/data/home/pdci...', true)
#2 /data/home/pdcisinl/public_html/lighthouse/wp-includes/general-template.php(41): locate_template(Array, true)
#3 /data/home/pdcisinl/public_html/lighthouse/wp-content/themes/bridge-child/404.php(10): get_header()
#4 /data/home/pdcisinl/public_html/lighthouse/wp-includes/template-loader.php(74): include('/data/home/pdci...')
#5 /data/home/pdcisinl/public_html/lighthouse/wp-blog-header.php(19): require_once('/data/home/pdci...')
#6 /data/home/pdcisinl/public_html/lighthouse/index.php(17): require('/data/home/pdci...')
#7 {main}
  thrown

2018-10-11T04:22:50+00:00 CRITICAL Uncaught Error: Call to undefined function qode_options() in /data/home/pdcisinl/public_html/lighthouse/wp-content/themes/bridge/header.php:25
Stack trace:
#0 /data/home/pdcisinl/public_html/lighthouse/wp-includes/template.php(688): require_once()
#1 /data/home/pdcisinl/public_html/lighthouse/wp-includes/template.php(647): load_template('/data/home/pdci...', true)
#2 /data/home/pdcisinl/public_html/lighthouse/wp-includes/general-template.php(41): locate_template(Array, true)
#3 /data/home/pdcisinl/public_html/lighthouse/wp-content/themes/bridge-child/404.php(10): get_header()
#4 /data/home/pdcisinl/public_html/lighthouse/wp-includes/template-loader.php(74): include('/data/home/pdci...')
#5 /data/home/pdcisinl/public_html/lighthouse/wp-blog-header.php(19): require_once('/data/home/pdci...')
#6 /data/home/pdcisinl/public_html/lighthouse/index.php(17): require('/data/home/pdci...')
#7 {main}
  thrown

2018-10-11T04:22:52+00:00 CRITICAL Uncaught Error: Call to undefined function qode_options() in /data/home/pdcisinl/public_html/lighthouse/wp-content/themes/bridge/header.php:25
Stack trace:
#0 /data/home/pdcisinl/public_html/lighthouse/wp-includes/template.php(688): require_once()
#1 /data/home/pdcisinl/public_html/lighthouse/wp-includes/template.php(647): load_template('/data/home/pdci...', true)
#2 /data/home/pdcisinl/public_html/lighthouse/wp-includes/general-template.php(41): locate_template(Array, true)
#3 /data/home/pdcisinl/public_html/lighthouse/wp-content/themes/bridge-child/404.php(10): get_header()
#4 /data/home/pdcisinl/public_html/lighthouse/wp-includes/template-loader.php(74): include('/data/home/pdci...')
#5 /data/home/pdcisinl/public_html/lighthouse/wp-blog-header.php(19): require_once('/data/home/pdci...')
#6 /data/home/pdcisinl/public_html/lighthouse/index.php(17): require('/data/home/pdci...')
#7 {main}
  thrown

2018-10-11T04:22:54+00:00 CRITICAL Uncaught Error: Call to undefined function qode_options() in /data/home/pdcisinl/public_html/lighthouse/wp-content/themes/bridge/header.php:25
Stack trace:
#0 /data/home/pdcisinl/public_html/lighthouse/wp-includes/template.php(688): require_once()
#1 /data/home/pdcisinl/public_html/lighthouse/wp-includes/template.php(647): load_template('/data/home/pdci...', true)
#2 /data/home/pdcisinl/public_html/lighthouse/wp-includes/general-template.php(41): locate_template(Array, true)
#3 /data/home/pdcisinl/public_html/lighthouse/wp-content/themes/bridge-child/404.php(10): get_header()
#4 /data/home/pdcisinl/public_html/lighthouse/wp-includes/template-loader.php(74): include('/data/home/pdci...')
#5 /data/home/pdcisinl/public_html/lighthouse/wp-blog-header.php(19): require_once('/data/home/pdci...')
#6 /data/home/pdcisinl/public_html/lighthouse/index.php(17): require('/data/home/pdci...')
#7 {main}
  thrown

2018-10-11T04:22:55+00:00 CRITICAL Uncaught Error: Call to undefined function qode_options() in /data/home/pdcisinl/public_html/lighthouse/wp-content/themes/bridge/header.php:25
Stack trace:
#0 /data/home/pdcisinl/public_html/lighthouse/wp-includes/template.php(688): require_once()
#1 /data/home/pdcisinl/public_html/lighthouse/wp-includes/template.php(647): load_template('/data/home/pdci...', true)
#2 /data/home/pdcisinl/public_html/lighthouse/wp-includes/general-template.php(41): locate_template(Array, true)
#3 /data/home/pdcisinl/public_html/lighthouse/wp-content/themes/bridge-child/404.php(10): get_header()
#4 /data/home/pdcisinl/public_html/lighthouse/wp-includes/template-loader.php(74): include('/data/home/pdci...')
#5 /data/home/pdcisinl/public_html/lighthouse/wp-blog-header.php(19): require_once('/data/home/pdci...')
#6 /data/home/pdcisinl/public_html/lighthouse/index.php(17): require('/data/home/pdci...')
#7 {main}
  thrown

2018-10-11T04:22:59+00:00 CRITICAL Uncaught Error: Call to undefined function qode_options() in /data/home/pdcisinl/public_html/lighthouse/wp-content/themes/bridge/header.php:25
Stack trace:
#0 /data/home/pdcisinl/public_html/lighthouse/wp-includes/template.php(688): require_once()
#1 /data/home/pdcisinl/public_html/lighthouse/wp-includes/template.php(647): load_template('/data/home/pdci...', true)
#2 /data/home/pdcisinl/public_html/lighthouse/wp-includes/general-template.php(41): locate_template(Array, true)
#3 /data/home/pdcisinl/public_html/lighthouse/wp-content/themes/bridge-child/404.php(10): get_header()
#4 /data/home/pdcisinl/public_html/lighthouse/wp-includes/template-loader.php(74): include('/data/home/pdci...')
#5 /data/home/pdcisinl/public_html/lighthouse/wp-blog-header.php(19): require_once('/data/home/pdci...')
#6 /data/home/pdcisinl/public_html/lighthouse/index.php(17): require('/data/home/pdci...')
#7 {main}
  thrown

2018-10-11T04:23:01+00:00 CRITICAL Uncaught Error: Call to undefined function qode_options() in /data/home/pdcisinl/public_html/lighthouse/wp-content/themes/bridge/header.php:25
Stack trace:
#0 /data/home/pdcisinl/public_html/lighthouse/wp-includes/template.php(688): require_once()
#1 /data/home/pdcisinl/public_html/lighthouse/wp-includes/template.php(647): load_template('/data/home/pdci...', true)
#2 /data/home/pdcisinl/public_html/lighthouse/wp-includes/general-template.php(41): locate_template(Array, true)
#3 /data/home/pdcisinl/public_html/lighthouse/wp-content/themes/bridge-child/404.php(10): get_header()
#4 /data/home/pdcisinl/public_html/lighthouse/wp-includes/template-loader.php(74): include('/data/home/pdci...')
#5 /data/home/pdcisinl/public_html/lighthouse/wp-blog-header.php(19): require_once('/data/home/pdci...')
#6 /data/home/pdcisinl/public_html/lighthouse/index.php(17): require('/data/home/pdci...')
#7 {main}
  thrown

2018-10-11T04:23:04+00:00 CRITICAL Uncaught Error: Call to undefined function qode_options() in /data/home/pdcisinl/public_html/lighthouse/wp-content/themes/bridge/header.php:25
Stack trace:
#0 /data/home/pdcisinl/public_html/lighthouse/wp-includes/template.php(688): require_once()
#1 /data/home/pdcisinl/public_html/lighthouse/wp-includes/template.php(647): load_template('/data/home/pdci...', true)
#2 /data/home/pdcisinl/public_html/lighthouse/wp-includes/general-template.php(41): locate_template(Array, true)
#3 /data/home/pdcisinl/public_html/lighthouse/wp-content/themes/bridge-child/404.php(10): get_header()
#4 /data/home/pdcisinl/public_html/lighthouse/wp-includes/template-loader.php(74): include('/data/home/pdci...')
#5 /data/home/pdcisinl/public_html/lighthouse/wp-blog-header.php(19): require_once('/data/home/pdci...')
#6 /data/home/pdcisinl/public_html/lighthouse/index.php(17): require('/data/home/pdci...')
#7 {main}
  thrown

2018-10-11T04:23:06+00:00 CRITICAL Uncaught Error: Call to undefined function qode_options() in /data/home/pdcisinl/public_html/lighthouse/wp-content/themes/bridge/header.php:25
Stack trace:
#0 /data/home/pdcisinl/public_html/lighthouse/wp-includes/template.php(688): require_once()
#1 /data/home/pdcisinl/public_html/lighthouse/wp-includes/template.php(647): load_template('/data/home/pdci...', true)
#2 /data/home/pdcisinl/public_html/lighthouse/wp-includes/general-template.php(41): locate_template(Array, true)
#3 /data/home/pdcisinl/public_html/lighthouse/wp-content/themes/bridge-child/404.php(10): get_header()
#4 /data/home/pdcisinl/public_html/lighthouse/wp-includes/template-loader.php(74): include('/data/home/pdci...')
#5 /data/home/pdcisinl/public_html/lighthouse/wp-blog-header.php(19): require_once('/data/home/pdci...')
#6 /data/home/pdcisinl/public_html/lighthouse/index.php(17): require('/data/home/pdci...')
#7 {main}
  thrown

2018-10-11T14:38:59+00:00 CRITICAL Uncaught Error: Call to undefined function qode_options() in /data/home/pdcisinl/public_html/lighthouse/wp-content/themes/bridge/header.php:25
Stack trace:
#0 /data/home/pdcisinl/public_html/lighthouse/wp-includes/template.php(688): require_once()
#1 /data/home/pdcisinl/public_html/lighthouse/wp-includes/template.php(647): load_template('/data/home/pdci...', true)
#2 /data/home/pdcisinl/public_html/lighthouse/wp-includes/general-template.php(41): locate_template(Array, true)
#3 /data/home/pdcisinl/public_html/lighthouse/wp-content/themes/bridge/full_width.php(36): get_header()
#4 /data/home/pdcisinl/public_html/lighthouse/wp-includes/template-loader.php(74): include('/data/home/pdci...')
#5 /data/home/pdcisinl/public_html/lighthouse/wp-blog-header.php(19): require_once('/data/home/pdci...')
#6 /data/home/pdcisinl/public_html/lighthouse/index.php(17): require('/data/home/pdci...')
#7 {main}
  thrown

2018-10-11T14:39:08+00:00 CRITICAL Uncaught Error: Call to undefined function qode_options() in /data/home/pdcisinl/public_html/lighthouse/wp-content/themes/bridge/header.php:25
Stack trace:
#0 /data/home/pdcisinl/public_html/lighthouse/wp-includes/template.php(688): require_once()
#1 /data/home/pdcisinl/public_html/lighthouse/wp-includes/template.php(647): load_template('/data/home/pdci...', true)
#2 /data/home/pdcisinl/public_html/lighthouse/wp-includes/general-template.php(41): locate_template(Array, true)
#3 /data/home/pdcisinl/public_html/lighthouse/wp-content/themes/bridge/full_width.php(36): get_header()
#4 /data/home/pdcisinl/public_html/lighthouse/wp-includes/template-loader.php(74): include('/data/home/pdci...')
#5 /data/home/pdcisinl/public_html/lighthouse/wp-blog-header.php(19): require_once('/data/home/pdci...')
#6 /data/home/pdcisinl/public_html/lighthouse/index.php(17): require('/data/home/pdci...')
#7 {main}
  thrown

2018-10-11T14:39:20+00:00 CRITICAL Uncaught Error: Call to undefined function qode_options() in /data/home/pdcisinl/public_html/lighthouse/wp-content/themes/bridge/header.php:25
Stack trace:
#0 /data/home/pdcisinl/public_html/lighthouse/wp-includes/template.php(688): require_once()
#1 /data/home/pdcisinl/public_html/lighthouse/wp-includes/template.php(647): load_template('/data/home/pdci...', true)
#2 /data/home/pdcisinl/public_html/lighthouse/wp-includes/general-template.php(41): locate_template(Array, true)
#3 /data/home/pdcisinl/public_html/lighthouse/wp-content/themes/bridge/full_width.php(36): get_header()
#4 /data/home/pdcisinl/public_html/lighthouse/wp-includes/template-loader.php(74): include('/data/home/pdci...')
#5 /data/home/pdcisinl/public_html/lighthouse/wp-blog-header.php(19): require_once('/data/home/pdci...')
#6 /data/home/pdcisinl/public_html/lighthouse/index.php(17): require('/data/home/pdci...')
#7 {main}
  thrown

2018-10-11T14:41:04+00:00 CRITICAL Uncaught Error: Call to undefined function qode_options() in /data/home/pdcisinl/public_html/lighthouse/wp-content/themes/bridge/header.php:25
Stack trace:
#0 /data/home/pdcisinl/public_html/lighthouse/wp-includes/template.php(688): require_once()
#1 /data/home/pdcisinl/public_html/lighthouse/wp-includes/template.php(647): load_template('/data/home/pdci...', true)
#2 /data/home/pdcisinl/public_html/lighthouse/wp-includes/general-template.php(41): locate_template(Array, true)
#3 /data/home/pdcisinl/public_html/lighthouse/wp-content/themes/bridge/full_width.php(36): get_header()
#4 /data/home/pdcisinl/public_html/lighthouse/wp-includes/template-loader.php(74): include('/data/home/pdci...')
#5 /data/home/pdcisinl/public_html/lighthouse/wp-blog-header.php(19): require_once('/data/home/pdci...')
#6 /data/home/pdcisinl/public_html/lighthouse/index.php(17): require('/data/home/pdci...')
#7 {main}
  thrown

2018-10-11T14:41:04+00:00 CRITICAL Uncaught Error: Call to undefined function qode_options() in /data/home/pdcisinl/public_html/lighthouse/wp-content/themes/bridge/header.php:25
Stack trace:
#0 /data/home/pdcisinl/public_html/lighthouse/wp-includes/template.php(688): require_once()
#1 /data/home/pdcisinl/public_html/lighthouse/wp-includes/template.php(647): load_template('/data/home/pdci...', true)
#2 /data/home/pdcisinl/public_html/lighthouse/wp-includes/general-template.php(41): locate_template(Array, true)
#3 /data/home/pdcisinl/public_html/lighthouse/wp-content/themes/bridge/full_width.php(36): get_header()
#4 /data/home/pdcisinl/public_html/lighthouse/wp-includes/template-loader.php(74): include('/data/home/pdci...')
#5 /data/home/pdcisinl/public_html/lighthouse/wp-blog-header.php(19): require_once('/data/home/pdci...')
#6 /data/home/pdcisinl/public_html/lighthouse/index.php(17): require('/data/home/pdci...')
#7 {main}
  thrown

2018-10-11T14:41:04+00:00 CRITICAL Uncaught Error: Call to undefined function qode_options() in /data/home/pdcisinl/public_html/lighthouse/wp-content/themes/bridge/header.php:25
Stack trace:
#0 /data/home/pdcisinl/public_html/lighthouse/wp-includes/template.php(688): require_once()
#1 /data/home/pdcisinl/public_html/lighthouse/wp-includes/template.php(647): load_template('/data/home/pdci...', true)
#2 /data/home/pdcisinl/public_html/lighthouse/wp-includes/general-template.php(41): locate_template(Array, true)
#3 /data/home/pdcisinl/public_html/lighthouse/wp-content/themes/bridge/full_width.php(36): get_header()
#4 /data/home/pdcisinl/public_html/lighthouse/wp-includes/template-loader.php(74): include('/data/home/pdci...')
#5 /data/home/pdcisinl/public_html/lighthouse/wp-blog-header.php(19): require_once('/data/home/pdci...')
#6 /data/home/pdcisinl/public_html/lighthouse/index.php(17): require('/data/home/pdci...')
#7 {main}
  thrown

2018-10-11T14:41:41+00:00 CRITICAL Uncaught Error: Call to undefined function qode_options() in /data/home/pdcisinl/public_html/lighthouse/wp-content/themes/bridge/header.php:25
Stack trace:
#0 /data/home/pdcisinl/public_html/lighthouse/wp-includes/template.php(688): require_once()
#1 /data/home/pdcisinl/public_html/lighthouse/wp-includes/template.php(647): load_template('/data/home/pdci...', true)
#2 /data/home/pdcisinl/public_html/lighthouse/wp-includes/general-template.php(41): locate_template(Array, true)
#3 /data/home/pdcisinl/public_html/lighthouse/wp-content/themes/bridge/full_width.php(36): get_header()
#4 /data/home/pdcisinl/public_html/lighthouse/wp-includes/template-loader.php(74): include('/data/home/pdci...')
#5 /data/home/pdcisinl/public_html/lighthouse/wp-blog-header.php(19): require_once('/data/home/pdci...')
#6 /data/home/pdcisinl/public_html/lighthouse/index.php(17): require('/data/home/pdci...')
#7 {main}
  thrown

2018-10-11T14:42:17+00:00 CRITICAL Uncaught Error: Call to undefined function qode_options() in /data/home/pdcisinl/public_html/lighthouse/wp-content/themes/bridge/header.php:25
Stack trace:
#0 /data/home/pdcisinl/public_html/lighthouse/wp-includes/template.php(688): require_once()
#1 /data/home/pdcisinl/public_html/lighthouse/wp-includes/template.php(647): load_template('/data/home/pdci...', true)
#2 /data/home/pdcisinl/public_html/lighthouse/wp-includes/general-template.php(41): locate_template(Array, true)
#3 /data/home/pdcisinl/public_html/lighthouse/wp-content/themes/bridge/full_width.php(36): get_header()
#4 /data/home/pdcisinl/public_html/lighthouse/wp-includes/template-loader.php(74): include('/data/home/pdci...')
#5 /data/home/pdcisinl/public_html/lighthouse/wp-blog-header.php(19): require_once('/data/home/pdci...')
#6 /data/home/pdcisinl/public_html/lighthouse/index.php(17): require('/data/home/pdci...')
#7 {main}
  thrown

2018-10-11T14:42:19+00:00 CRITICAL Uncaught Error: Call to undefined function qode_options() in /data/home/pdcisinl/public_html/lighthouse/wp-content/themes/bridge/header.php:25
Stack trace:
#0 /data/home/pdcisinl/public_html/lighthouse/wp-includes/template.php(688): require_once()
#1 /data/home/pdcisinl/public_html/lighthouse/wp-includes/template.php(647): load_template('/data/home/pdci...', true)
#2 /data/home/pdcisinl/public_html/lighthouse/wp-includes/general-template.php(41): locate_template(Array, true)
#3 /data/home/pdcisinl/public_html/lighthouse/wp-content/themes/bridge/full_width.php(36): get_header()
#4 /data/home/pdcisinl/public_html/lighthouse/wp-includes/template-loader.php(74): include('/data/home/pdci...')
#5 /data/home/pdcisinl/public_html/lighthouse/wp-blog-header.php(19): require_once('/data/home/pdci...')
#6 /data/home/pdcisinl/public_html/lighthouse/index.php(17): require('/data/home/pdci...')
#7 {main}
  thrown

2018-10-11T14:42:22+00:00 CRITICAL Uncaught Error: Call to undefined function qode_options() in /data/home/pdcisinl/public_html/lighthouse/wp-content/themes/bridge/header.php:25
Stack trace:
#0 /data/home/pdcisinl/public_html/lighthouse/wp-includes/template.php(688): require_once()
#1 /data/home/pdcisinl/public_html/lighthouse/wp-includes/template.php(647): load_template('/data/home/pdci...', true)
#2 /data/home/pdcisinl/public_html/lighthouse/wp-includes/general-template.php(41): locate_template(Array, true)
#3 /data/home/pdcisinl/public_html/lighthouse/wp-content/themes/bridge/full_width.php(36): get_header()
#4 /data/home/pdcisinl/public_html/lighthouse/wp-includes/template-loader.php(74): include('/data/home/pdci...')
#5 /data/home/pdcisinl/public_html/lighthouse/wp-blog-header.php(19): require_once('/data/home/pdci...')
#6 /data/home/pdcisinl/public_html/lighthouse/index.php(17): require('/data/home/pdci...')
#7 {main}
  thrown

2018-10-11T14:42:23+00:00 CRITICAL Uncaught Error: Call to undefined function qode_options() in /data/home/pdcisinl/public_html/lighthouse/wp-content/themes/bridge/header.php:25
Stack trace:
#0 /data/home/pdcisinl/public_html/lighthouse/wp-includes/template.php(688): require_once()
#1 /data/home/pdcisinl/public_html/lighthouse/wp-includes/template.php(647): load_template('/data/home/pdci...', true)
#2 /data/home/pdcisinl/public_html/lighthouse/wp-includes/general-template.php(41): locate_template(Array, true)
#3 /data/home/pdcisinl/public_html/lighthouse/wp-content/themes/bridge/full_width.php(36): get_header()
#4 /data/home/pdcisinl/public_html/lighthouse/wp-includes/template-loader.php(74): include('/data/home/pdci...')
#5 /data/home/pdcisinl/public_html/lighthouse/wp-blog-header.php(19): require_once('/data/home/pdci...')
#6 /data/home/pdcisinl/public_html/lighthouse/index.php(17): require('/data/home/pdci...')
#7 {main}
  thrown

2018-10-11T14:42:26+00:00 CRITICAL Uncaught Error: Call to undefined function qode_options() in /data/home/pdcisinl/public_html/lighthouse/wp-content/themes/bridge/header.php:25
Stack trace:
#0 /data/home/pdcisinl/public_html/lighthouse/wp-includes/template.php(688): require_once()
#1 /data/home/pdcisinl/public_html/lighthouse/wp-includes/template.php(647): load_template('/data/home/pdci...', true)
#2 /data/home/pdcisinl/public_html/lighthouse/wp-includes/general-template.php(41): locate_template(Array, true)
#3 /data/home/pdcisinl/public_html/lighthouse/wp-content/themes/bridge-child/404.php(10): get_header()
#4 /data/home/pdcisinl/public_html/lighthouse/wp-includes/template-loader.php(74): include('/data/home/pdci...')
#5 /data/home/pdcisinl/public_html/lighthouse/wp-blog-header.php(19): require_once('/data/home/pdci...')
#6 /data/home/pdcisinl/public_html/lighthouse/index.php(17): require('/data/home/pdci...')
#7 {main}
  thrown

2018-10-11T14:42:27+00:00 CRITICAL Uncaught Error: Call to undefined function qode_options() in /data/home/pdcisinl/public_html/lighthouse/wp-content/themes/bridge/header.php:25
Stack trace:
#0 /data/home/pdcisinl/public_html/lighthouse/wp-includes/template.php(688): require_once()
#1 /data/home/pdcisinl/public_html/lighthouse/wp-includes/template.php(647): load_template('/data/home/pdci...', true)
#2 /data/home/pdcisinl/public_html/lighthouse/wp-includes/general-template.php(41): locate_template(Array, true)
#3 /data/home/pdcisinl/public_html/lighthouse/wp-content/themes/bridge-child/404.php(10): get_header()
#4 /data/home/pdcisinl/public_html/lighthouse/wp-includes/template-loader.php(74): include('/data/home/pdci...')
#5 /data/home/pdcisinl/public_html/lighthouse/wp-blog-header.php(19): require_once('/data/home/pdci...')
#6 /data/home/pdcisinl/public_html/lighthouse/index.php(17): require('/data/home/pdci...')
#7 {main}
  thrown

2018-10-11T14:44:01+00:00 CRITICAL Uncaught Error: Call to undefined function qode_options() in /data/home/pdcisinl/public_html/lighthouse/wp-content/themes/bridge/header.php:25
Stack trace:
#0 /data/home/pdcisinl/public_html/lighthouse/wp-includes/template.php(688): require_once()
#1 /data/home/pdcisinl/public_html/lighthouse/wp-includes/template.php(647): load_template('/data/home/pdci...', true)
#2 /data/home/pdcisinl/public_html/lighthouse/wp-includes/general-template.php(41): locate_template(Array, true)
#3 /data/home/pdcisinl/public_html/lighthouse/wp-content/themes/bridge/full_width.php(36): get_header()
#4 /data/home/pdcisinl/public_html/lighthouse/wp-includes/template-loader.php(74): include('/data/home/pdci...')
#5 /data/home/pdcisinl/public_html/lighthouse/wp-blog-header.php(19): require_once('/data/home/pdci...')
#6 /data/home/pdcisinl/public_html/lighthouse/index.php(17): require('/data/home/pdci...')
#7 {main}
  thrown

2018-10-11T14:44:59+00:00 CRITICAL Uncaught Error: Call to undefined function qode_options() in /data/home/pdcisinl/public_html/lighthouse/wp-content/themes/bridge/header.php:25
Stack trace:
#0 /data/home/pdcisinl/public_html/lighthouse/wp-includes/template.php(688): require_once()
#1 /data/home/pdcisinl/public_html/lighthouse/wp-includes/template.php(647): load_template('/data/home/pdci...', true)
#2 /data/home/pdcisinl/public_html/lighthouse/wp-includes/general-template.php(41): locate_template(Array, true)
#3 /data/home/pdcisinl/public_html/lighthouse/wp-content/themes/bridge/full_width.php(36): get_header()
#4 /data/home/pdcisinl/public_html/lighthouse/wp-includes/template-loader.php(74): include('/data/home/pdci...')
#5 /data/home/pdcisinl/public_html/lighthouse/wp-blog-header.php(19): require_once('/data/home/pdci...')
#6 /data/home/pdcisinl/public_html/lighthouse/index.php(17): require('/data/home/pdci...')
#7 {main}
  thrown

2018-10-11T14:52:42+00:00 CRITICAL Uncaught Error: Call to undefined function qode_options() in /data/home/pdcisinl/public_html/lighthouse/wp-content/themes/bridge/header.php:25
Stack trace:
#0 /data/home/pdcisinl/public_html/lighthouse/wp-includes/template.php(688): require_once()
#1 /data/home/pdcisinl/public_html/lighthouse/wp-includes/template.php(647): load_template('/data/home/pdci...', true)
#2 /data/home/pdcisinl/public_html/lighthouse/wp-includes/general-template.php(41): locate_template(Array, true)
#3 /data/home/pdcisinl/public_html/lighthouse/wp-content/themes/bridge/full_width.php(36): get_header()
#4 /data/home/pdcisinl/public_html/lighthouse/wp-includes/template-loader.php(74): include('/data/home/pdci...')
#5 /data/home/pdcisinl/public_html/lighthouse/wp-blog-header.php(19): require_once('/data/home/pdci...')
#6 /data/home/pdcisinl/public_html/lighthouse/index.php(17): require('/data/home/pdci...')
#7 {main}
  thrown

2018-10-11T14:54:05+00:00 CRITICAL Uncaught Error: Call to undefined function qode_options() in /data/home/pdcisinl/public_html/lighthouse/wp-content/themes/bridge/header.php:25
Stack trace:
#0 /data/home/pdcisinl/public_html/lighthouse/wp-includes/template.php(688): require_once()
#1 /data/home/pdcisinl/public_html/lighthouse/wp-includes/template.php(647): load_template('/data/home/pdci...', true)
#2 /data/home/pdcisinl/public_html/lighthouse/wp-includes/general-template.php(41): locate_template(Array, true)
#3 /data/home/pdcisinl/public_html/lighthouse/wp-content/themes/bridge/full_width.php(36): get_header()
#4 /data/home/pdcisinl/public_html/lighthouse/wp-includes/template-loader.php(74): include('/data/home/pdci...')
#5 /data/home/pdcisinl/public_html/lighthouse/wp-blog-header.php(19): require_once('/data/home/pdci...')
#6 /data/home/pdcisinl/public_html/lighthouse/index.php(17): require('/data/home/pdci...')
#7 {main}
  thrown

2018-10-11T14:57:28+00:00 CRITICAL Uncaught Error: Call to undefined function qode_options() in /data/home/pdcisinl/public_html/lighthouse/wp-content/themes/bridge/header.php:25
Stack trace:
#0 /data/home/pdcisinl/public_html/lighthouse/wp-includes/template.php(688): require_once()
#1 /data/home/pdcisinl/public_html/lighthouse/wp-includes/template.php(647): load_template('/data/home/pdci...', true)
#2 /data/home/pdcisinl/public_html/lighthouse/wp-includes/general-template.php(41): locate_template(Array, true)
#3 /data/home/pdcisinl/public_html/lighthouse/wp-content/themes/bridge/full_width.php(36): get_header()
#4 /data/home/pdcisinl/public_html/lighthouse/wp-includes/template-loader.php(74): include('/data/home/pdci...')
#5 /data/home/pdcisinl/public_html/lighthouse/wp-blog-header.php(19): require_once('/data/home/pdci...')
#6 /data/home/pdcisinl/public_html/lighthouse/index.php(17): require('/data/home/pdci...')
#7 {main}
  thrown

