2018-10-07T20:05:06+00:00 CRITICAL Uncaught Error: Call to undefined function qode_options() in /data/home/pdcisinl/public_html/lighthouse/wp-content/themes/bridge/header.php:25
Stack trace:
#0 /data/home/pdcisinl/public_html/lighthouse/wp-includes/template.php(688): require_once()
#1 /data/home/pdcisinl/public_html/lighthouse/wp-includes/template.php(647): load_template('/data/home/pdci...', true)
#2 /data/home/pdcisinl/public_html/lighthouse/wp-includes/general-template.php(41): locate_template(Array, true)
#3 /data/home/pdcisinl/public_html/lighthouse/wp-content/themes/bridge-child/404.php(10): get_header()
#4 /data/home/pdcisinl/public_html/lighthouse/wp-includes/template-loader.php(74): include('/data/home/pdci...')
#5 /data/home/pdcisinl/public_html/lighthouse/wp-blog-header.php(19): require_once('/data/home/pdci...')
#6 /data/home/pdcisinl/public_html/lighthouse/index.php(17): require('/data/home/pdci...')
#7 {main}
  thrown

2018-10-07T20:05:09+00:00 CRITICAL Uncaught Error: Call to undefined function qode_options() in /data/home/pdcisinl/public_html/lighthouse/wp-content/themes/bridge/header.php:25
Stack trace:
#0 /data/home/pdcisinl/public_html/lighthouse/wp-includes/template.php(688): require_once()
#1 /data/home/pdcisinl/public_html/lighthouse/wp-includes/template.php(647): load_template('/data/home/pdci...', true)
#2 /data/home/pdcisinl/public_html/lighthouse/wp-includes/general-template.php(41): locate_template(Array, true)
#3 /data/home/pdcisinl/public_html/lighthouse/wp-content/themes/bridge-child/404.php(10): get_header()
#4 /data/home/pdcisinl/public_html/lighthouse/wp-includes/template-loader.php(74): include('/data/home/pdci...')
#5 /data/home/pdcisinl/public_html/lighthouse/wp-blog-header.php(19): require_once('/data/home/pdci...')
#6 /data/home/pdcisinl/public_html/lighthouse/index.php(17): require('/data/home/pdci...')
#7 {main}
  thrown

2018-10-07T20:05:11+00:00 CRITICAL Uncaught Error: Call to undefined function qode_options() in /data/home/pdcisinl/public_html/lighthouse/wp-content/themes/bridge/header.php:25
Stack trace:
#0 /data/home/pdcisinl/public_html/lighthouse/wp-includes/template.php(688): require_once()
#1 /data/home/pdcisinl/public_html/lighthouse/wp-includes/template.php(647): load_template('/data/home/pdci...', true)
#2 /data/home/pdcisinl/public_html/lighthouse/wp-includes/general-template.php(41): locate_template(Array, true)
#3 /data/home/pdcisinl/public_html/lighthouse/wp-content/themes/bridge-child/404.php(10): get_header()
#4 /data/home/pdcisinl/public_html/lighthouse/wp-includes/template-loader.php(74): include('/data/home/pdci...')
#5 /data/home/pdcisinl/public_html/lighthouse/wp-blog-header.php(19): require_once('/data/home/pdci...')
#6 /data/home/pdcisinl/public_html/lighthouse/index.php(17): require('/data/home/pdci...')
#7 {main}
  thrown

2018-10-07T20:05:13+00:00 CRITICAL Uncaught Error: Call to undefined function qode_options() in /data/home/pdcisinl/public_html/lighthouse/wp-content/themes/bridge/header.php:25
Stack trace:
#0 /data/home/pdcisinl/public_html/lighthouse/wp-includes/template.php(688): require_once()
#1 /data/home/pdcisinl/public_html/lighthouse/wp-includes/template.php(647): load_template('/data/home/pdci...', true)
#2 /data/home/pdcisinl/public_html/lighthouse/wp-includes/general-template.php(41): locate_template(Array, true)
#3 /data/home/pdcisinl/public_html/lighthouse/wp-content/themes/bridge-child/404.php(10): get_header()
#4 /data/home/pdcisinl/public_html/lighthouse/wp-includes/template-loader.php(74): include('/data/home/pdci...')
#5 /data/home/pdcisinl/public_html/lighthouse/wp-blog-header.php(19): require_once('/data/home/pdci...')
#6 /data/home/pdcisinl/public_html/lighthouse/index.php(17): require('/data/home/pdci...')
#7 {main}
  thrown

2018-10-07T20:05:16+00:00 CRITICAL Uncaught Error: Call to undefined function qode_options() in /data/home/pdcisinl/public_html/lighthouse/wp-content/themes/bridge/header.php:25
Stack trace:
#0 /data/home/pdcisinl/public_html/lighthouse/wp-includes/template.php(688): require_once()
#1 /data/home/pdcisinl/public_html/lighthouse/wp-includes/template.php(647): load_template('/data/home/pdci...', true)
#2 /data/home/pdcisinl/public_html/lighthouse/wp-includes/general-template.php(41): locate_template(Array, true)
#3 /data/home/pdcisinl/public_html/lighthouse/wp-content/themes/bridge-child/404.php(10): get_header()
#4 /data/home/pdcisinl/public_html/lighthouse/wp-includes/template-loader.php(74): include('/data/home/pdci...')
#5 /data/home/pdcisinl/public_html/lighthouse/wp-blog-header.php(19): require_once('/data/home/pdci...')
#6 /data/home/pdcisinl/public_html/lighthouse/index.php(17): require('/data/home/pdci...')
#7 {main}
  thrown

2018-10-07T20:05:18+00:00 CRITICAL Uncaught Error: Call to undefined function qode_options() in /data/home/pdcisinl/public_html/lighthouse/wp-content/themes/bridge/header.php:25
Stack trace:
#0 /data/home/pdcisinl/public_html/lighthouse/wp-includes/template.php(688): require_once()
#1 /data/home/pdcisinl/public_html/lighthouse/wp-includes/template.php(647): load_template('/data/home/pdci...', true)
#2 /data/home/pdcisinl/public_html/lighthouse/wp-includes/general-template.php(41): locate_template(Array, true)
#3 /data/home/pdcisinl/public_html/lighthouse/wp-content/themes/bridge-child/404.php(10): get_header()
#4 /data/home/pdcisinl/public_html/lighthouse/wp-includes/template-loader.php(74): include('/data/home/pdci...')
#5 /data/home/pdcisinl/public_html/lighthouse/wp-blog-header.php(19): require_once('/data/home/pdci...')
#6 /data/home/pdcisinl/public_html/lighthouse/index.php(17): require('/data/home/pdci...')
#7 {main}
  thrown

2018-10-07T20:05:21+00:00 CRITICAL Uncaught Error: Call to undefined function qode_options() in /data/home/pdcisinl/public_html/lighthouse/wp-content/themes/bridge/header.php:25
Stack trace:
#0 /data/home/pdcisinl/public_html/lighthouse/wp-includes/template.php(688): require_once()
#1 /data/home/pdcisinl/public_html/lighthouse/wp-includes/template.php(647): load_template('/data/home/pdci...', true)
#2 /data/home/pdcisinl/public_html/lighthouse/wp-includes/general-template.php(41): locate_template(Array, true)
#3 /data/home/pdcisinl/public_html/lighthouse/wp-content/themes/bridge-child/404.php(10): get_header()
#4 /data/home/pdcisinl/public_html/lighthouse/wp-includes/template-loader.php(74): include('/data/home/pdci...')
#5 /data/home/pdcisinl/public_html/lighthouse/wp-blog-header.php(19): require_once('/data/home/pdci...')
#6 /data/home/pdcisinl/public_html/lighthouse/index.php(17): require('/data/home/pdci...')
#7 {main}
  thrown

2018-10-07T20:05:23+00:00 CRITICAL Uncaught Error: Call to undefined function qode_options() in /data/home/pdcisinl/public_html/lighthouse/wp-content/themes/bridge/header.php:25
Stack trace:
#0 /data/home/pdcisinl/public_html/lighthouse/wp-includes/template.php(688): require_once()
#1 /data/home/pdcisinl/public_html/lighthouse/wp-includes/template.php(647): load_template('/data/home/pdci...', true)
#2 /data/home/pdcisinl/public_html/lighthouse/wp-includes/general-template.php(41): locate_template(Array, true)
#3 /data/home/pdcisinl/public_html/lighthouse/wp-content/themes/bridge-child/404.php(10): get_header()
#4 /data/home/pdcisinl/public_html/lighthouse/wp-includes/template-loader.php(74): include('/data/home/pdci...')
#5 /data/home/pdcisinl/public_html/lighthouse/wp-blog-header.php(19): require_once('/data/home/pdci...')
#6 /data/home/pdcisinl/public_html/lighthouse/index.php(17): require('/data/home/pdci...')
#7 {main}
  thrown

2018-10-07T20:05:25+00:00 CRITICAL Uncaught Error: Call to undefined function qode_options() in /data/home/pdcisinl/public_html/lighthouse/wp-content/themes/bridge/header.php:25
Stack trace:
#0 /data/home/pdcisinl/public_html/lighthouse/wp-includes/template.php(688): require_once()
#1 /data/home/pdcisinl/public_html/lighthouse/wp-includes/template.php(647): load_template('/data/home/pdci...', true)
#2 /data/home/pdcisinl/public_html/lighthouse/wp-includes/general-template.php(41): locate_template(Array, true)
#3 /data/home/pdcisinl/public_html/lighthouse/wp-content/themes/bridge-child/404.php(10): get_header()
#4 /data/home/pdcisinl/public_html/lighthouse/wp-includes/template-loader.php(74): include('/data/home/pdci...')
#5 /data/home/pdcisinl/public_html/lighthouse/wp-blog-header.php(19): require_once('/data/home/pdci...')
#6 /data/home/pdcisinl/public_html/lighthouse/index.php(17): require('/data/home/pdci...')
#7 {main}
  thrown

2018-10-07T20:05:28+00:00 CRITICAL Uncaught Error: Call to undefined function qode_options() in /data/home/pdcisinl/public_html/lighthouse/wp-content/themes/bridge/header.php:25
Stack trace:
#0 /data/home/pdcisinl/public_html/lighthouse/wp-includes/template.php(688): require_once()
#1 /data/home/pdcisinl/public_html/lighthouse/wp-includes/template.php(647): load_template('/data/home/pdci...', true)
#2 /data/home/pdcisinl/public_html/lighthouse/wp-includes/general-template.php(41): locate_template(Array, true)
#3 /data/home/pdcisinl/public_html/lighthouse/wp-content/themes/bridge-child/404.php(10): get_header()
#4 /data/home/pdcisinl/public_html/lighthouse/wp-includes/template-loader.php(74): include('/data/home/pdci...')
#5 /data/home/pdcisinl/public_html/lighthouse/wp-blog-header.php(19): require_once('/data/home/pdci...')
#6 /data/home/pdcisinl/public_html/lighthouse/index.php(17): require('/data/home/pdci...')
#7 {main}
  thrown

2018-10-07T20:05:30+00:00 CRITICAL Uncaught Error: Call to undefined function qode_options() in /data/home/pdcisinl/public_html/lighthouse/wp-content/themes/bridge/header.php:25
Stack trace:
#0 /data/home/pdcisinl/public_html/lighthouse/wp-includes/template.php(688): require_once()
#1 /data/home/pdcisinl/public_html/lighthouse/wp-includes/template.php(647): load_template('/data/home/pdci...', true)
#2 /data/home/pdcisinl/public_html/lighthouse/wp-includes/general-template.php(41): locate_template(Array, true)
#3 /data/home/pdcisinl/public_html/lighthouse/wp-content/themes/bridge-child/404.php(10): get_header()
#4 /data/home/pdcisinl/public_html/lighthouse/wp-includes/template-loader.php(74): include('/data/home/pdci...')
#5 /data/home/pdcisinl/public_html/lighthouse/wp-blog-header.php(19): require_once('/data/home/pdci...')
#6 /data/home/pdcisinl/public_html/lighthouse/index.php(17): require('/data/home/pdci...')
#7 {main}
  thrown

2018-10-07T20:05:32+00:00 CRITICAL Uncaught Error: Call to undefined function qode_options() in /data/home/pdcisinl/public_html/lighthouse/wp-content/themes/bridge/header.php:25
Stack trace:
#0 /data/home/pdcisinl/public_html/lighthouse/wp-includes/template.php(688): require_once()
#1 /data/home/pdcisinl/public_html/lighthouse/wp-includes/template.php(647): load_template('/data/home/pdci...', true)
#2 /data/home/pdcisinl/public_html/lighthouse/wp-includes/general-template.php(41): locate_template(Array, true)
#3 /data/home/pdcisinl/public_html/lighthouse/wp-content/themes/bridge-child/404.php(10): get_header()
#4 /data/home/pdcisinl/public_html/lighthouse/wp-includes/template-loader.php(74): include('/data/home/pdci...')
#5 /data/home/pdcisinl/public_html/lighthouse/wp-blog-header.php(19): require_once('/data/home/pdci...')
#6 /data/home/pdcisinl/public_html/lighthouse/index.php(17): require('/data/home/pdci...')
#7 {main}
  thrown

2018-10-07T20:05:35+00:00 CRITICAL Uncaught Error: Call to undefined function qode_options() in /data/home/pdcisinl/public_html/lighthouse/wp-content/themes/bridge/header.php:25
Stack trace:
#0 /data/home/pdcisinl/public_html/lighthouse/wp-includes/template.php(688): require_once()
#1 /data/home/pdcisinl/public_html/lighthouse/wp-includes/template.php(647): load_template('/data/home/pdci...', true)
#2 /data/home/pdcisinl/public_html/lighthouse/wp-includes/general-template.php(41): locate_template(Array, true)
#3 /data/home/pdcisinl/public_html/lighthouse/wp-content/themes/bridge-child/404.php(10): get_header()
#4 /data/home/pdcisinl/public_html/lighthouse/wp-includes/template-loader.php(74): include('/data/home/pdci...')
#5 /data/home/pdcisinl/public_html/lighthouse/wp-blog-header.php(19): require_once('/data/home/pdci...')
#6 /data/home/pdcisinl/public_html/lighthouse/index.php(17): require('/data/home/pdci...')
#7 {main}
  thrown

2018-10-07T20:05:37+00:00 CRITICAL Uncaught Error: Call to undefined function qode_options() in /data/home/pdcisinl/public_html/lighthouse/wp-content/themes/bridge/header.php:25
Stack trace:
#0 /data/home/pdcisinl/public_html/lighthouse/wp-includes/template.php(688): require_once()
#1 /data/home/pdcisinl/public_html/lighthouse/wp-includes/template.php(647): load_template('/data/home/pdci...', true)
#2 /data/home/pdcisinl/public_html/lighthouse/wp-includes/general-template.php(41): locate_template(Array, true)
#3 /data/home/pdcisinl/public_html/lighthouse/wp-content/themes/bridge-child/404.php(10): get_header()
#4 /data/home/pdcisinl/public_html/lighthouse/wp-includes/template-loader.php(74): include('/data/home/pdci...')
#5 /data/home/pdcisinl/public_html/lighthouse/wp-blog-header.php(19): require_once('/data/home/pdci...')
#6 /data/home/pdcisinl/public_html/lighthouse/index.php(17): require('/data/home/pdci...')
#7 {main}
  thrown

2018-10-07T20:05:40+00:00 CRITICAL Uncaught Error: Call to undefined function qode_options() in /data/home/pdcisinl/public_html/lighthouse/wp-content/themes/bridge/header.php:25
Stack trace:
#0 /data/home/pdcisinl/public_html/lighthouse/wp-includes/template.php(688): require_once()
#1 /data/home/pdcisinl/public_html/lighthouse/wp-includes/template.php(647): load_template('/data/home/pdci...', true)
#2 /data/home/pdcisinl/public_html/lighthouse/wp-includes/general-template.php(41): locate_template(Array, true)
#3 /data/home/pdcisinl/public_html/lighthouse/wp-content/themes/bridge-child/404.php(10): get_header()
#4 /data/home/pdcisinl/public_html/lighthouse/wp-includes/template-loader.php(74): include('/data/home/pdci...')
#5 /data/home/pdcisinl/public_html/lighthouse/wp-blog-header.php(19): require_once('/data/home/pdci...')
#6 /data/home/pdcisinl/public_html/lighthouse/index.php(17): require('/data/home/pdci...')
#7 {main}
  thrown

2018-10-07T20:05:42+00:00 CRITICAL Uncaught Error: Call to undefined function qode_options() in /data/home/pdcisinl/public_html/lighthouse/wp-content/themes/bridge/header.php:25
Stack trace:
#0 /data/home/pdcisinl/public_html/lighthouse/wp-includes/template.php(688): require_once()
#1 /data/home/pdcisinl/public_html/lighthouse/wp-includes/template.php(647): load_template('/data/home/pdci...', true)
#2 /data/home/pdcisinl/public_html/lighthouse/wp-includes/general-template.php(41): locate_template(Array, true)
#3 /data/home/pdcisinl/public_html/lighthouse/wp-content/themes/bridge-child/404.php(10): get_header()
#4 /data/home/pdcisinl/public_html/lighthouse/wp-includes/template-loader.php(74): include('/data/home/pdci...')
#5 /data/home/pdcisinl/public_html/lighthouse/wp-blog-header.php(19): require_once('/data/home/pdci...')
#6 /data/home/pdcisinl/public_html/lighthouse/index.php(17): require('/data/home/pdci...')
#7 {main}
  thrown

2018-10-07T20:05:44+00:00 CRITICAL Uncaught Error: Call to undefined function qode_options() in /data/home/pdcisinl/public_html/lighthouse/wp-content/themes/bridge/header.php:25
Stack trace:
#0 /data/home/pdcisinl/public_html/lighthouse/wp-includes/template.php(688): require_once()
#1 /data/home/pdcisinl/public_html/lighthouse/wp-includes/template.php(647): load_template('/data/home/pdci...', true)
#2 /data/home/pdcisinl/public_html/lighthouse/wp-includes/general-template.php(41): locate_template(Array, true)
#3 /data/home/pdcisinl/public_html/lighthouse/wp-content/themes/bridge-child/404.php(10): get_header()
#4 /data/home/pdcisinl/public_html/lighthouse/wp-includes/template-loader.php(74): include('/data/home/pdci...')
#5 /data/home/pdcisinl/public_html/lighthouse/wp-blog-header.php(19): require_once('/data/home/pdci...')
#6 /data/home/pdcisinl/public_html/lighthouse/index.php(17): require('/data/home/pdci...')
#7 {main}
  thrown

2018-10-07T20:05:47+00:00 CRITICAL Uncaught Error: Call to undefined function qode_options() in /data/home/pdcisinl/public_html/lighthouse/wp-content/themes/bridge/header.php:25
Stack trace:
#0 /data/home/pdcisinl/public_html/lighthouse/wp-includes/template.php(688): require_once()
#1 /data/home/pdcisinl/public_html/lighthouse/wp-includes/template.php(647): load_template('/data/home/pdci...', true)
#2 /data/home/pdcisinl/public_html/lighthouse/wp-includes/general-template.php(41): locate_template(Array, true)
#3 /data/home/pdcisinl/public_html/lighthouse/wp-content/themes/bridge-child/404.php(10): get_header()
#4 /data/home/pdcisinl/public_html/lighthouse/wp-includes/template-loader.php(74): include('/data/home/pdci...')
#5 /data/home/pdcisinl/public_html/lighthouse/wp-blog-header.php(19): require_once('/data/home/pdci...')
#6 /data/home/pdcisinl/public_html/lighthouse/index.php(17): require('/data/home/pdci...')
#7 {main}
  thrown

2018-10-07T20:05:49+00:00 CRITICAL Uncaught Error: Call to undefined function qode_options() in /data/home/pdcisinl/public_html/lighthouse/wp-content/themes/bridge/header.php:25
Stack trace:
#0 /data/home/pdcisinl/public_html/lighthouse/wp-includes/template.php(688): require_once()
#1 /data/home/pdcisinl/public_html/lighthouse/wp-includes/template.php(647): load_template('/data/home/pdci...', true)
#2 /data/home/pdcisinl/public_html/lighthouse/wp-includes/general-template.php(41): locate_template(Array, true)
#3 /data/home/pdcisinl/public_html/lighthouse/wp-content/themes/bridge-child/404.php(10): get_header()
#4 /data/home/pdcisinl/public_html/lighthouse/wp-includes/template-loader.php(74): include('/data/home/pdci...')
#5 /data/home/pdcisinl/public_html/lighthouse/wp-blog-header.php(19): require_once('/data/home/pdci...')
#6 /data/home/pdcisinl/public_html/lighthouse/index.php(17): require('/data/home/pdci...')
#7 {main}
  thrown

2018-10-07T20:05:50+00:00 CRITICAL Uncaught Error: Call to undefined function qode_options() in /data/home/pdcisinl/public_html/lighthouse/wp-content/themes/bridge/header.php:25
Stack trace:
#0 /data/home/pdcisinl/public_html/lighthouse/wp-includes/template.php(688): require_once()
#1 /data/home/pdcisinl/public_html/lighthouse/wp-includes/template.php(647): load_template('/data/home/pdci...', true)
#2 /data/home/pdcisinl/public_html/lighthouse/wp-includes/general-template.php(41): locate_template(Array, true)
#3 /data/home/pdcisinl/public_html/lighthouse/wp-content/themes/bridge-child/404.php(10): get_header()
#4 /data/home/pdcisinl/public_html/lighthouse/wp-includes/template-loader.php(74): include('/data/home/pdci...')
#5 /data/home/pdcisinl/public_html/lighthouse/wp-blog-header.php(19): require_once('/data/home/pdci...')
#6 /data/home/pdcisinl/public_html/lighthouse/index.php(17): require('/data/home/pdci...')
#7 {main}
  thrown

2018-10-07T20:05:52+00:00 CRITICAL Uncaught Error: Call to undefined function qode_options() in /data/home/pdcisinl/public_html/lighthouse/wp-content/themes/bridge/header.php:25
Stack trace:
#0 /data/home/pdcisinl/public_html/lighthouse/wp-includes/template.php(688): require_once()
#1 /data/home/pdcisinl/public_html/lighthouse/wp-includes/template.php(647): load_template('/data/home/pdci...', true)
#2 /data/home/pdcisinl/public_html/lighthouse/wp-includes/general-template.php(41): locate_template(Array, true)
#3 /data/home/pdcisinl/public_html/lighthouse/wp-content/themes/bridge-child/404.php(10): get_header()
#4 /data/home/pdcisinl/public_html/lighthouse/wp-includes/template-loader.php(74): include('/data/home/pdci...')
#5 /data/home/pdcisinl/public_html/lighthouse/wp-blog-header.php(19): require_once('/data/home/pdci...')
#6 /data/home/pdcisinl/public_html/lighthouse/index.php(17): require('/data/home/pdci...')
#7 {main}
  thrown

2018-10-07T20:05:54+00:00 CRITICAL Uncaught Error: Call to undefined function qode_options() in /data/home/pdcisinl/public_html/lighthouse/wp-content/themes/bridge/header.php:25
Stack trace:
#0 /data/home/pdcisinl/public_html/lighthouse/wp-includes/template.php(688): require_once()
#1 /data/home/pdcisinl/public_html/lighthouse/wp-includes/template.php(647): load_template('/data/home/pdci...', true)
#2 /data/home/pdcisinl/public_html/lighthouse/wp-includes/general-template.php(41): locate_template(Array, true)
#3 /data/home/pdcisinl/public_html/lighthouse/wp-content/themes/bridge-child/404.php(10): get_header()
#4 /data/home/pdcisinl/public_html/lighthouse/wp-includes/template-loader.php(74): include('/data/home/pdci...')
#5 /data/home/pdcisinl/public_html/lighthouse/wp-blog-header.php(19): require_once('/data/home/pdci...')
#6 /data/home/pdcisinl/public_html/lighthouse/index.php(17): require('/data/home/pdci...')
#7 {main}
  thrown

2018-10-07T20:05:57+00:00 CRITICAL Uncaught Error: Call to undefined function qode_options() in /data/home/pdcisinl/public_html/lighthouse/wp-content/themes/bridge/header.php:25
Stack trace:
#0 /data/home/pdcisinl/public_html/lighthouse/wp-includes/template.php(688): require_once()
#1 /data/home/pdcisinl/public_html/lighthouse/wp-includes/template.php(647): load_template('/data/home/pdci...', true)
#2 /data/home/pdcisinl/public_html/lighthouse/wp-includes/general-template.php(41): locate_template(Array, true)
#3 /data/home/pdcisinl/public_html/lighthouse/wp-content/themes/bridge-child/404.php(10): get_header()
#4 /data/home/pdcisinl/public_html/lighthouse/wp-includes/template-loader.php(74): include('/data/home/pdci...')
#5 /data/home/pdcisinl/public_html/lighthouse/wp-blog-header.php(19): require_once('/data/home/pdci...')
#6 /data/home/pdcisinl/public_html/lighthouse/index.php(17): require('/data/home/pdci...')
#7 {main}
  thrown

2018-10-07T20:05:59+00:00 CRITICAL Uncaught Error: Call to undefined function qode_options() in /data/home/pdcisinl/public_html/lighthouse/wp-content/themes/bridge/header.php:25
Stack trace:
#0 /data/home/pdcisinl/public_html/lighthouse/wp-includes/template.php(688): require_once()
#1 /data/home/pdcisinl/public_html/lighthouse/wp-includes/template.php(647): load_template('/data/home/pdci...', true)
#2 /data/home/pdcisinl/public_html/lighthouse/wp-includes/general-template.php(41): locate_template(Array, true)
#3 /data/home/pdcisinl/public_html/lighthouse/wp-content/themes/bridge-child/404.php(10): get_header()
#4 /data/home/pdcisinl/public_html/lighthouse/wp-includes/template-loader.php(74): include('/data/home/pdci...')
#5 /data/home/pdcisinl/public_html/lighthouse/wp-blog-header.php(19): require_once('/data/home/pdci...')
#6 /data/home/pdcisinl/public_html/lighthouse/index.php(17): require('/data/home/pdci...')
#7 {main}
  thrown

2018-10-07T20:06:01+00:00 CRITICAL Uncaught Error: Call to undefined function qode_options() in /data/home/pdcisinl/public_html/lighthouse/wp-content/themes/bridge/header.php:25
Stack trace:
#0 /data/home/pdcisinl/public_html/lighthouse/wp-includes/template.php(688): require_once()
#1 /data/home/pdcisinl/public_html/lighthouse/wp-includes/template.php(647): load_template('/data/home/pdci...', true)
#2 /data/home/pdcisinl/public_html/lighthouse/wp-includes/general-template.php(41): locate_template(Array, true)
#3 /data/home/pdcisinl/public_html/lighthouse/wp-content/themes/bridge-child/404.php(10): get_header()
#4 /data/home/pdcisinl/public_html/lighthouse/wp-includes/template-loader.php(74): include('/data/home/pdci...')
#5 /data/home/pdcisinl/public_html/lighthouse/wp-blog-header.php(19): require_once('/data/home/pdci...')
#6 /data/home/pdcisinl/public_html/lighthouse/index.php(17): require('/data/home/pdci...')
#7 {main}
  thrown

2018-10-07T20:06:02+00:00 CRITICAL Uncaught Error: Call to undefined function qode_options() in /data/home/pdcisinl/public_html/lighthouse/wp-content/themes/bridge/header.php:25
Stack trace:
#0 /data/home/pdcisinl/public_html/lighthouse/wp-includes/template.php(688): require_once()
#1 /data/home/pdcisinl/public_html/lighthouse/wp-includes/template.php(647): load_template('/data/home/pdci...', true)
#2 /data/home/pdcisinl/public_html/lighthouse/wp-includes/general-template.php(41): locate_template(Array, true)
#3 /data/home/pdcisinl/public_html/lighthouse/wp-content/themes/bridge-child/404.php(10): get_header()
#4 /data/home/pdcisinl/public_html/lighthouse/wp-includes/template-loader.php(74): include('/data/home/pdci...')
#5 /data/home/pdcisinl/public_html/lighthouse/wp-blog-header.php(19): require_once('/data/home/pdci...')
#6 /data/home/pdcisinl/public_html/lighthouse/index.php(17): require('/data/home/pdci...')
#7 {main}
  thrown

2018-10-07T20:06:04+00:00 CRITICAL Uncaught Error: Call to undefined function qode_options() in /data/home/pdcisinl/public_html/lighthouse/wp-content/themes/bridge/header.php:25
Stack trace:
#0 /data/home/pdcisinl/public_html/lighthouse/wp-includes/template.php(688): require_once()
#1 /data/home/pdcisinl/public_html/lighthouse/wp-includes/template.php(647): load_template('/data/home/pdci...', true)
#2 /data/home/pdcisinl/public_html/lighthouse/wp-includes/general-template.php(41): locate_template(Array, true)
#3 /data/home/pdcisinl/public_html/lighthouse/wp-content/themes/bridge-child/404.php(10): get_header()
#4 /data/home/pdcisinl/public_html/lighthouse/wp-includes/template-loader.php(74): include('/data/home/pdci...')
#5 /data/home/pdcisinl/public_html/lighthouse/wp-blog-header.php(19): require_once('/data/home/pdci...')
#6 /data/home/pdcisinl/public_html/lighthouse/index.php(17): require('/data/home/pdci...')
#7 {main}
  thrown

2018-10-07T20:06:08+00:00 CRITICAL Uncaught Error: Call to undefined function qode_options() in /data/home/pdcisinl/public_html/lighthouse/wp-content/themes/bridge/header.php:25
Stack trace:
#0 /data/home/pdcisinl/public_html/lighthouse/wp-includes/template.php(688): require_once()
#1 /data/home/pdcisinl/public_html/lighthouse/wp-includes/template.php(647): load_template('/data/home/pdci...', true)
#2 /data/home/pdcisinl/public_html/lighthouse/wp-includes/general-template.php(41): locate_template(Array, true)
#3 /data/home/pdcisinl/public_html/lighthouse/wp-content/themes/bridge-child/404.php(10): get_header()
#4 /data/home/pdcisinl/public_html/lighthouse/wp-includes/template-loader.php(74): include('/data/home/pdci...')
#5 /data/home/pdcisinl/public_html/lighthouse/wp-blog-header.php(19): require_once('/data/home/pdci...')
#6 /data/home/pdcisinl/public_html/lighthouse/index.php(17): require('/data/home/pdci...')
#7 {main}
  thrown

2018-10-07T20:06:10+00:00 CRITICAL Uncaught Error: Call to undefined function qode_options() in /data/home/pdcisinl/public_html/lighthouse/wp-content/themes/bridge/header.php:25
Stack trace:
#0 /data/home/pdcisinl/public_html/lighthouse/wp-includes/template.php(688): require_once()
#1 /data/home/pdcisinl/public_html/lighthouse/wp-includes/template.php(647): load_template('/data/home/pdci...', true)
#2 /data/home/pdcisinl/public_html/lighthouse/wp-includes/general-template.php(41): locate_template(Array, true)
#3 /data/home/pdcisinl/public_html/lighthouse/wp-content/themes/bridge-child/404.php(10): get_header()
#4 /data/home/pdcisinl/public_html/lighthouse/wp-includes/template-loader.php(74): include('/data/home/pdci...')
#5 /data/home/pdcisinl/public_html/lighthouse/wp-blog-header.php(19): require_once('/data/home/pdci...')
#6 /data/home/pdcisinl/public_html/lighthouse/index.php(17): require('/data/home/pdci...')
#7 {main}
  thrown

2018-10-07T20:06:13+00:00 CRITICAL Uncaught Error: Call to undefined function qode_options() in /data/home/pdcisinl/public_html/lighthouse/wp-content/themes/bridge/header.php:25
Stack trace:
#0 /data/home/pdcisinl/public_html/lighthouse/wp-includes/template.php(688): require_once()
#1 /data/home/pdcisinl/public_html/lighthouse/wp-includes/template.php(647): load_template('/data/home/pdci...', true)
#2 /data/home/pdcisinl/public_html/lighthouse/wp-includes/general-template.php(41): locate_template(Array, true)
#3 /data/home/pdcisinl/public_html/lighthouse/wp-content/themes/bridge-child/404.php(10): get_header()
#4 /data/home/pdcisinl/public_html/lighthouse/wp-includes/template-loader.php(74): include('/data/home/pdci...')
#5 /data/home/pdcisinl/public_html/lighthouse/wp-blog-header.php(19): require_once('/data/home/pdci...')
#6 /data/home/pdcisinl/public_html/lighthouse/index.php(17): require('/data/home/pdci...')
#7 {main}
  thrown

2018-10-07T20:06:14+00:00 CRITICAL Uncaught Error: Call to undefined function qode_options() in /data/home/pdcisinl/public_html/lighthouse/wp-content/themes/bridge/header.php:25
Stack trace:
#0 /data/home/pdcisinl/public_html/lighthouse/wp-includes/template.php(688): require_once()
#1 /data/home/pdcisinl/public_html/lighthouse/wp-includes/template.php(647): load_template('/data/home/pdci...', true)
#2 /data/home/pdcisinl/public_html/lighthouse/wp-includes/general-template.php(41): locate_template(Array, true)
#3 /data/home/pdcisinl/public_html/lighthouse/wp-content/themes/bridge-child/404.php(10): get_header()
#4 /data/home/pdcisinl/public_html/lighthouse/wp-includes/template-loader.php(74): include('/data/home/pdci...')
#5 /data/home/pdcisinl/public_html/lighthouse/wp-blog-header.php(19): require_once('/data/home/pdci...')
#6 /data/home/pdcisinl/public_html/lighthouse/index.php(17): require('/data/home/pdci...')
#7 {main}
  thrown

2018-10-07T20:06:16+00:00 CRITICAL Uncaught Error: Call to undefined function qode_options() in /data/home/pdcisinl/public_html/lighthouse/wp-content/themes/bridge/header.php:25
Stack trace:
#0 /data/home/pdcisinl/public_html/lighthouse/wp-includes/template.php(688): require_once()
#1 /data/home/pdcisinl/public_html/lighthouse/wp-includes/template.php(647): load_template('/data/home/pdci...', true)
#2 /data/home/pdcisinl/public_html/lighthouse/wp-includes/general-template.php(41): locate_template(Array, true)
#3 /data/home/pdcisinl/public_html/lighthouse/wp-content/themes/bridge-child/404.php(10): get_header()
#4 /data/home/pdcisinl/public_html/lighthouse/wp-includes/template-loader.php(74): include('/data/home/pdci...')
#5 /data/home/pdcisinl/public_html/lighthouse/wp-blog-header.php(19): require_once('/data/home/pdci...')
#6 /data/home/pdcisinl/public_html/lighthouse/index.php(17): require('/data/home/pdci...')
#7 {main}
  thrown

2018-10-07T20:06:18+00:00 CRITICAL Uncaught Error: Call to undefined function qode_options() in /data/home/pdcisinl/public_html/lighthouse/wp-content/themes/bridge/header.php:25
Stack trace:
#0 /data/home/pdcisinl/public_html/lighthouse/wp-includes/template.php(688): require_once()
#1 /data/home/pdcisinl/public_html/lighthouse/wp-includes/template.php(647): load_template('/data/home/pdci...', true)
#2 /data/home/pdcisinl/public_html/lighthouse/wp-includes/general-template.php(41): locate_template(Array, true)
#3 /data/home/pdcisinl/public_html/lighthouse/wp-content/themes/bridge-child/404.php(10): get_header()
#4 /data/home/pdcisinl/public_html/lighthouse/wp-includes/template-loader.php(74): include('/data/home/pdci...')
#5 /data/home/pdcisinl/public_html/lighthouse/wp-blog-header.php(19): require_once('/data/home/pdci...')
#6 /data/home/pdcisinl/public_html/lighthouse/index.php(17): require('/data/home/pdci...')
#7 {main}
  thrown

